# JRE version: OpenJDK Runtime Environment Temurin-17.0.4.1+1 (17.0.4.1+1) (build 17.0.4.1+1)
# Java VM: OpenJDK 64-Bit Server VM Temurin-17.0.4.1+1 (17.0.4.1+1, mixed mode, tiered, compressed oops, compressed class ptrs, g1 gc, windows-amd64)
GC Precious Log:
 CPUs: 4 total, 4 available
 Memory: 8150M
 Large Page Support: Disabled
 NUMA Support: Disabled
 Compressed Oops: Enabled (32-bit)
 Heap Region Size: 1M
 Heap Min Capacity: 8M
 Heap Initial Capacity: 128M
 Heap Max Capacity: 2038M
 Pre-touch: Disabled
 Parallel Workers: 4
 Concurrent Workers: 1
 Concurrent Refinement Workers: 4
 Periodic GC: Disabled
Heap:
 garbage-first heap   total 399360K, used 126831K [0x0000000080a00000, 0x0000000100000000)
  region size 1024K, 16 young (16384K), 16 survivors (16384K)
 Metaspace       used 84703K, committed 85568K, reserved 1130496K
  class space    used 9977K, committed 10496K, reserved 1048576K
GC Heap History (20 events):
Event: 9248.205 GC heap after
{Heap after GC invocations=647 (full 1):
 garbage-first heap   total 450560K, used 79621K [0x0000000080a00000, 0x0000000100000000)
  region size 1024K, 1 young (1024K), 1 survivors (1024K)
 Metaspace       used 84687K, committed 85568K, reserved 1130496K
  class space    used 9977K, committed 10496K, reserved 1048576K
}
Event: 9248.295 GC heap before
{Heap before GC invocations=647 (full 1):
 garbage-first heap   total 450560K, used 173829K [0x0000000080a00000, 0x0000000100000000)
  region size 1024K, 94 young (96256K), 1 survivors (1024K)
 Metaspace       used 84687K, committed 85568K, reserved 1130496K
  class space    used 9977K, committed 10496K, reserved 1048576K
}
Event: 9248.310 GC heap after
{Heap after GC invocations=648 (full 1):
 garbage-first heap   total 450560K, used 95215K [0x0000000080a00000, 0x0000000100000000)
  region size 1024K, 17 young (17408K), 17 survivors (17408K)
 Metaspace       used 84687K, committed 85568K, reserved 1130496K
  class space    used 9977K, committed 10496K, reserved 1048576K
}
Event: 9252.795 GC heap before
{Heap before GC invocations=649 (full 1):
 garbage-first heap   total 450560K, used 303938K [0x0000000080a00000, 0x0000000100000000)
  region size 1024K, 231 young (236544K), 17 survivors (17408K)
 Metaspace       used 84687K, committed 85568K, reserved 1130496K
  class space    used 9977K, committed 10496K, reserved 1048576K
}
Event: 9252.812 GC heap after
{Heap after GC invocations=650 (full 1):
 garbage-first heap   total 450560K, used 91940K [0x0000000080a00000, 0x0000000100000000)
  region size 1024K, 13 young (13312K), 13 survivors (13312K)
 Metaspace       used 84687K, committed 85568K, reserved 1130496K
  class space    used 9977K, committed 10496K, reserved 1048576K
}
Event: 9252.821 GC heap before
{Heap before GC invocations=650 (full 1):
 garbage-first heap   total 450560K, used 101156K [0x0000000080a00000, 0x0000000100000000)
  region size 1024K, 22 young (22528K), 13 survivors (13312K)
 Metaspace       used 84687K, committed 85568K, reserved 1130496K
  class space    used 9977K, committed 10496K, reserved 1048576K
}
Event: 9252.833 GC heap after
{Heap after GC invocations=651 (full 1):
 garbage-first heap   total 450560K, used 85592K [0x0000000080a00000, 0x0000000100000000)
  region size 1024K, 3 young (3072K), 3 survivors (3072K)
 Metaspace       used 84687K, committed 85568K, reserved 1130496K
  class space    used 9977K, committed 10496K, reserved 1048576K
}
Event: 9253.538 GC heap before
{Heap before GC invocations=651 (full 1):
 garbage-first heap   total 450560K, used 323160K [0x0000000080a00000, 0x0000000100000000)
  region size 1024K, 234 young (239616K), 3 survivors (3072K)
 Metaspace       used 84687K, committed 85568K, reserved 1130496K
  class space    used 9977K, committed 10496K, reserved 1048576K
}
Event: 9253.572 GC heap after
{Heap after GC invocations=652 (full 1):
 garbage-first heap   total 450560K, used 119384K [0x0000000080a00000, 0x0000000100000000)
  region size 1024K, 30 young (30720K), 30 survivors (30720K)
 Metaspace       used 84687K, committed 85568K, reserved 1130496K
  class space    used 9977K, committed 10496K, reserved 1048576K
}
Event: 9255.661 GC heap before
{Heap before GC invocations=653 (full 1):
 garbage-first heap   total 399360K, used 304728K [0x0000000080a00000, 0x0000000100000000)
  region size 1024K, 234 young (239616K), 30 survivors (30720K)
 Metaspace       used 84696K, committed 85568K, reserved 1130496K
  class space    used 9977K, committed 10496K, reserved 1048576K
}
Event: 9255.695 GC heap after
{Heap after GC invocations=654 (full 1):
 garbage-first heap   total 399360K, used 112088K [0x0000000080a00000, 0x0000000100000000)
  region size 1024K, 25 young (25600K), 25 survivors (25600K)
 Metaspace       used 84696K, committed 85568K, reserved 1130496K
  class space    used 9977K, committed 10496K, reserved 1048576K
}
Event: 9255.696 GC heap before
{Heap before GC invocations=654 (full 1):
 garbage-first heap   total 399360K, used 113112K [0x0000000080a00000, 0x0000000100000000)
  region size 1024K, 26 young (26624K), 25 survivors (25600K)
 Metaspace       used 84696K, committed 85568K, reserved 1130496K
  class space    used 9977K, committed 10496K, reserved 1048576K
}
Event: 9255.709 GC heap after
{Heap after GC invocations=655 (full 1):
 garbage-first heap   total 399360K, used 109144K [0x0000000080a00000, 0x0000000100000000)
  region size 1024K, 2 young (2048K), 2 survivors (2048K)
 Metaspace       used 84696K, committed 85568K, reserved 1130496K
  class space    used 9977K, committed 10496K, reserved 1048576K
}
Event: 9257.887 GC heap before
{Heap before GC invocations=655 (full 1):
 garbage-first heap   total 399360K, used 290392K [0x0000000080a00000, 0x0000000100000000)
  region size 1024K, 179 young (183296K), 2 survivors (2048K)
 Metaspace       used 84703K, committed 85568K, reserved 1130496K
  class space    used 9977K, committed 10496K, reserved 1048576K
}
Event: 9257.908 GC heap after
{Heap after GC invocations=656 (full 1):
 garbage-first heap   total 399360K, used 115899K [0x0000000080a00000, 0x0000000100000000)
  region size 1024K, 9 young (9216K), 9 survivors (9216K)
 Metaspace       used 84703K, committed 85568K, reserved 1130496K
  class space    used 9977K, committed 10496K, reserved 1048576K
}
Event: 9258.222 GC heap before
{Heap before GC invocations=657 (full 1):
 garbage-first heap   total 399360K, used 273595K [0x0000000080a00000, 0x0000000100000000)
  region size 1024K, 188 young (192512K), 9 survivors (9216K)
 Metaspace       used 84703K, committed 85568K, reserved 1130496K
  class space    used 9977K, committed 10496K, reserved 1048576K
}
Event: 9258.256 GC heap after
{Heap after GC invocations=658 (full 1):
 garbage-first heap   total 399360K, used 120408K [0x0000000080a00000, 0x0000000100000000)
  region size 1024K, 24 young (24576K), 24 survivors (24576K)
 Metaspace       used 84703K, committed 85568K, reserved 1130496K
  class space    used 9977K, committed 10496K, reserved 1048576K
}
Event: 9258.262 GC heap before
{Heap before GC invocations=658 (full 1):
 garbage-first heap   total 399360K, used 121432K [0x0000000080a00000, 0x0000000100000000)
  region size 1024K, 25 young (25600K), 24 survivors (24576K)
 Metaspace       used 84703K, committed 85568K, reserved 1130496K
  class space    used 9977K, committed 10496K, reserved 1048576K
}
Event: 9258.288 GC heap after
{Heap after GC invocations=659 (full 1):
 garbage-first heap   total 399360K, used 112216K [0x0000000080a00000, 0x0000000100000000)
  region size 1024K, 1 young (1024K), 1 survivors (1024K)
 Metaspace       used 84703K, committed 85568K, reserved 1130496K
  class space    used 9977K, committed 10496K, reserved 1048576K
}
Event: 9260.177 GC heap before
{Heap before GC invocations=659 (full 1):
 garbage-first heap   total 399360K, used 291416K [0x0000000080a00000, 0x0000000100000000)
  region size 1024K, 176 young (180224K), 1 survivors (1024K)
 Metaspace       used 84703K, committed 85568K, reserved 1130496K
  class space    used 9977K, committed 10496K, reserved 1048576K
}

